# JRE version: OpenJDK Runtime Environment (8.0_151-b12) (build 1.8.0_151-8u151-b12-0ubuntu0.16.04.2-b12)
# Java VM: OpenJDK Server VM (25.151-b12 mixed mode linux-x86 )
Heap:
 garbage-first heap   total 262144K, used 179986K [0x63200000, 0x63300400, 0xa3200000)
  region size 1024K, 103 young (105472K), 3 survivors (3072K)
 Metaspace       used 83964K, capacity 88714K, committed 88808K, reserved 89392K
GC Heap History (10 events):
Event: 9239.574 GC heap before
{Heap before GC invocations=128 (full 0):
 garbage-first heap   total 262144K, used 228316K [0x63200000, 0x63300400, 0xa3200000)
  region size 1024K, 153 young (156672K), 6 survivors (6144K)
 Metaspace       used 83254K, capacity 87893K, committed 87912K, reserved 88368K
Event: 9239.604 GC heap after
Heap after GC invocations=129 (full 0):
 garbage-first heap   total 262144K, used 78606K [0x63200000, 0x63300400, 0xa3200000)
  region size 1024K, 7 young (7168K), 7 survivors (7168K)
 Metaspace       used 83254K, capacity 87893K, committed 87912K, reserved 88368K
}
Event: 14450.101 GC heap before
{Heap before GC invocations=129 (full 0):
 garbage-first heap   total 262144K, used 227086K [0x63200000, 0x63300400, 0xa3200000)
  region size 1024K, 152 young (155648K), 7 survivors (7168K)
 Metaspace       used 83357K, capacity 87996K, committed 88040K, reserved 88368K
Event: 14450.157 GC heap after
Heap after GC invocations=130 (full 0):
 garbage-first heap   total 262144K, used 82374K [0x63200000, 0x63300400, 0xa3200000)
  region size 1024K, 10 young (10240K), 10 survivors (10240K)
 Metaspace       used 83357K, capacity 87996K, committed 88040K, reserved 88368K
}
Event: 14467.128 GC heap before
{Heap before GC invocations=130 (full 0):
 garbage-first heap   total 262144K, used 224710K [0x63200000, 0x63300400, 0xa3200000)
  region size 1024K, 149 young (152576K), 10 survivors (10240K)
 Metaspace       used 83357K, capacity 87996K, committed 88040K, reserved 88368K
Event: 14467.159 GC heap after
Heap after GC invocations=131 (full 0):
 garbage-first heap   total 262144K, used 77357K [0x63200000, 0x63300400, 0xa3200000)
  region size 1024K, 5 young (5120K), 5 survivors (5120K)
 Metaspace       used 83357K, capacity 87996K, committed 88040K, reserved 88368K
}
Event: 14488.634 GC heap before
{Heap before GC invocations=131 (full 0):
 garbage-first heap   total 262144K, used 228909K [0x63200000, 0x63300400, 0xa3200000)
  region size 1024K, 153 young (156672K), 5 survivors (5120K)
 Metaspace       used 83369K, capacity 88028K, committed 88168K, reserved 88368K
Event: 14488.662 GC heap after
Heap after GC invocations=132 (full 0):
 garbage-first heap   total 262144K, used 76929K [0x63200000, 0x63300400, 0xa3200000)
  region size 1024K, 3 young (3072K), 3 survivors (3072K)
 Metaspace       used 83369K, capacity 88028K, committed 88168K, reserved 88368K
}
Event: 15074.799 GC heap before
{Heap before GC invocations=132 (full 0):
 garbage-first heap   total 262144K, used 230529K [0x63200000, 0x63300400, 0xa3200000)
  region size 1024K, 153 young (156672K), 3 survivors (3072K)
 Metaspace       used 83374K, capacity 88060K, committed 88168K, reserved 88368K
Event: 15074.830 GC heap after
Heap after GC invocations=133 (full 0):
 garbage-first heap   total 262144K, used 78610K [0x63200000, 0x63300400, 0xa3200000)
  region size 1024K, 3 young (3072K), 3 survivors (3072K)
 Metaspace       used 83374K, capacity 88060K, committed 88168K, reserved 88368K
}

